# JRE version: OpenJDK Runtime Environment (8.0_222-b10) (build 1.8.0_222-8u222-b10-1ubuntu1~18.04.1-b10)
# Java VM: OpenJDK 64-Bit Server VM (25.222-b10 mixed mode linux-amd64 compressed oops)
Heap:
 PSYoungGen      total 841216K, used 731670K [0x000000076cd80000, 0x00000007a3680000, 0x00000007c0000000)
  eden space 803840K, 86% used [0x000000076cd80000,0x00000007974c4988,0x000000079de80000)
  from space 37376K, 96% used [0x00000007a0800000,0x00000007a2b411a8,0x00000007a2c80000)
  to   space 42496K, 0% used [0x000000079de80000,0x000000079de80000,0x00000007a0800000)
 ParOldGen       total 171008K, used 35502K [0x00000006c6800000, 0x00000006d0f00000, 0x000000076cd80000)
  object space 171008K, 20% used [0x00000006c6800000,0x00000006c8aab908,0x00000006d0f00000)
 Metaspace       used 16655K, capacity 17034K, committed 17408K, reserved 1064960K
  class space    used 1892K, capacity 1997K, committed 2048K, reserved 1048576K
GC Heap History (10 events):
Event: 0,453 GC heap before
{Heap before GC invocations=6 (full 0):
 PSYoungGen      total 139264K, used 139234K [0x000000076cd80000, 0x000000077e780000, 0x00000007c0000000)
  eden space 129024K, 100% used [0x000000076cd80000,0x0000000774b80000,0x0000000774b80000)
  from space 10240K, 99% used [0x0000000774b80000,0x0000000775578830,0x0000000775580000)
  to   space 15360K, 0% used [0x000000077d880000,0x000000077d880000,0x000000077e780000)
 ParOldGen       total 171008K, used 3760K [0x00000006c6800000, 0x00000006d0f00000, 0x000000076cd80000)
  object space 171008K, 2% used [0x00000006c6800000,0x00000006c6bac2e0,0x00000006d0f00000)
 Metaspace       used 12926K, capacity 13268K, committed 13440K, reserved 1060864K
  class space    used 1451K, capacity 1554K, committed 1664K, reserved 1048576K
Event: 0,459 GC heap after
Heap after GC invocations=6 (full 0):
 PSYoungGen      total 270848K, used 14418K [0x000000076cd80000, 0x000000077ec80000, 0x00000007c0000000)
  eden space 255488K, 0% used [0x000000076cd80000,0x000000076cd80000,0x000000077c700000)
  from space 15360K, 93% used [0x000000077d880000,0x000000077e694820,0x000000077e780000)
  to   space 17920K, 0% used [0x000000077c700000,0x000000077c700000,0x000000077d880000)
 ParOldGen       total 171008K, used 3768K [0x00000006c6800000, 0x00000006d0f00000, 0x000000076cd80000)
  object space 171008K, 2% used [0x00000006c6800000,0x00000006c6bae2e0,0x00000006d0f00000)
 Metaspace       used 12926K, capacity 13268K, committed 13440K, reserved 1060864K
  class space    used 1451K, capacity 1554K, committed 1664K, reserved 1048576K
}
Event: 0,526 GC heap before
{Heap before GC invocations=7 (full 0):
 PSYoungGen      total 270848K, used 269906K [0x000000076cd80000, 0x000000077ec80000, 0x00000007c0000000)
  eden space 255488K, 100% used [0x000000076cd80000,0x000000077c700000,0x000000077c700000)
  from space 15360K, 93% used [0x000000077d880000,0x000000077e694820,0x000000077e780000)
  to   space 17920K, 0% used [0x000000077c700000,0x000000077c700000,0x000000077d880000)
 ParOldGen       total 171008K, used 3768K [0x00000006c6800000, 0x00000006d0f00000, 0x000000076cd80000)
  object space 171008K, 2% used [0x00000006c6800000,0x00000006c6bae2e0,0x00000006d0f00000)
 Metaspace       used 13867K, capacity 14164K, committed 14464K, reserved 1062912K
  class space    used 1524K, capacity 1618K, committed 1664K, reserved 1048576K
Event: 0,536 GC heap after
Heap after GC invocations=7 (full 0):
 PSYoungGen      total 273408K, used 17606K [0x000000076cd80000, 0x000000078e980000, 0x00000007c0000000)
  eden space 255488K, 0% used [0x000000076cd80000,0x000000076cd80000,0x000000077c700000)
  from space 17920K, 98% used [0x000000077c700000,0x000000077d831bf8,0x000000077d880000)
  to   space 20992K, 0% used [0x000000078d500000,0x000000078d500000,0x000000078e980000)
 ParOldGen       total 171008K, used 5927K [0x00000006c6800000, 0x00000006d0f00000, 0x000000076cd80000)
  object space 171008K, 3% used [0x00000006c6800000,0x00000006c6dc9cd8,0x00000006d0f00000)
 Metaspace       used 13867K, capacity 14164K, committed 14464K, reserved 1062912K
  class space    used 1524K, capacity 1618K, committed 1664K, reserved 1048576K
}
Event: 0,595 GC heap before
{Heap before GC invocations=8 (full 0):
 PSYoungGen      total 273408K, used 273094K [0x000000076cd80000, 0x000000078e980000, 0x00000007c0000000)
  eden space 255488K, 100% used [0x000000076cd80000,0x000000077c700000,0x000000077c700000)
  from space 17920K, 98% used [0x000000077c700000,0x000000077d831bf8,0x000000077d880000)
  to   space 20992K, 0% used [0x000000078d500000,0x000000078d500000,0x000000078e980000)
 ParOldGen       total 171008K, used 5927K [0x00000006c6800000, 0x00000006d0f00000, 0x000000076cd80000)
  object space 171008K, 3% used [0x00000006c6800000,0x00000006c6dc9cd8,0x00000006d0f00000)
 Metaspace       used 14631K, capacity 14964K, committed 15104K, reserved 1062912K
  class space    used 1612K, capacity 1714K, committed 1792K, reserved 1048576K
Event: 0,606 GC heap after
Heap after GC invocations=8 (full 0):
 PSYoungGen      total 526336K, used 20990K [0x000000076cd80000, 0x000000078f480000, 0x00000007c0000000)
  eden space 505344K, 0% used [0x000000076cd80000,0x000000076cd80000,0x000000078bb00000)
  from space 20992K, 99% used [0x000000078d500000,0x000000078e97fbb8,0x000000078e980000)
  to   space 26624K, 0% used [0x000000078bb00000,0x000000078bb00000,0x000000078d500000)
 ParOldGen       total 171008K, used 10468K [0x00000006c6800000, 0x00000006d0f00000, 0x000000076cd80000)
  object space 171008K, 6% used [0x00000006c6800000,0x00000006c7239380,0x00000006d0f00000)
 Metaspace       used 14631K, capacity 14964K, committed 15104K, reserved 1062912K
  class space    used 1612K, capacity 1714K, committed 1792K, reserved 1048576K
}
Event: 0,780 GC heap before
{Heap before GC invocations=9 (full 0):
 PSYoungGen      total 526336K, used 526334K [0x000000076cd80000, 0x000000078f480000, 0x00000007c0000000)
  eden space 505344K, 100% used [0x000000076cd80000,0x000000078bb00000,0x000000078bb00000)
  from space 20992K, 99% used [0x000000078d500000,0x000000078e97fbb8,0x000000078e980000)
  to   space 26624K, 0% used [0x000000078bb00000,0x000000078bb00000,0x000000078d500000)
 ParOldGen       total 171008K, used 10468K [0x00000006c6800000, 0x00000006d0f00000, 0x000000076cd80000)
  object space 171008K, 6% used [0x00000006c6800000,0x00000006c7239380,0x00000006d0f00000)
 Metaspace       used 15067K, capacity 15374K, committed 15616K, reserved 1062912K
  class space    used 1666K, capacity 1765K, committed 1792K, reserved 1048576K
Event: 0,792 GC heap after
Heap after GC invocations=9 (full 0):
 PSYoungGen      total 531968K, used 26613K [0x000000076cd80000, 0x00000007a2c80000, 0x00000007c0000000)
  eden space 505344K, 0% used [0x000000076cd80000,0x000000076cd80000,0x000000078bb00000)
  from space 26624K, 99% used [0x000000078bb00000,0x000000078d4fd4d0,0x000000078d500000)
  to   space 37376K, 0% used [0x00000007a0800000,0x00000007a0800000,0x00000007a2c80000)
 ParOldGen       total 171008K, used 26343K [0x00000006c6800000, 0x00000006d0f00000, 0x000000076cd80000)
  object space 171008K, 15% used [0x00000006c6800000,0x00000006c81b9e38,0x00000006d0f00000)
 Metaspace       used 15067K, capacity 15374K, committed 15616K, reserved 1062912K
  class space    used 1666K, capacity 1765K, committed 1792K, reserved 1048576K
}
Event: 0,920 GC heap before
{Heap before GC invocations=10 (full 0):
 PSYoungGen      total 531968K, used 531957K [0x000000076cd80000, 0x00000007a2c80000, 0x00000007c0000000)
  eden space 505344K, 100% used [0x000000076cd80000,0x000000078bb00000,0x000000078bb00000)
  from space 26624K, 99% used [0x000000078bb00000,0x000000078d4fd4d0,0x000000078d500000)
  to   space 37376K, 0% used [0x00000007a0800000,0x00000007a0800000,0x00000007a2c80000)
 ParOldGen       total 171008K, used 26343K [0x00000006c6800000, 0x00000006d0f00000, 0x000000076cd80000)
  object space 171008K, 15% used [0x00000006c6800000,0x00000006c81b9e38,0x00000006d0f00000)
 Metaspace       used 15686K, capacity 16100K, committed 16256K, reserved 1062912K
  class space    used 1720K, capacity 1836K, committed 1920K, reserved 1048576K
Event: 0,935 GC heap after
Heap after GC invocations=10 (full 0):
 PSYoungGen      total 841216K, used 36100K [0x000000076cd80000, 0x00000007a3680000, 0x00000007c0000000)
  eden space 803840K, 0% used [0x000000076cd80000,0x000000076cd80000,0x000000079de80000)
  from space 37376K, 96% used [0x00000007a0800000,0x00000007a2b411a8,0x00000007a2c80000)
  to   space 42496K, 0% used [0x000000079de80000,0x000000079de80000,0x00000007a0800000)
 ParOldGen       total 171008K, used 35502K [0x00000006c6800000, 0x00000006d0f00000, 0x000000076cd80000)
  object space 171008K, 20% used [0x00000006c6800000,0x00000006c8aab908,0x00000006d0f00000)
 Metaspace       used 15686K, capacity 16100K, committed 16256K, reserved 1062912K
  class space    used 1720K, capacity 1836K, committed 1920K, reserved 1048576K
}

